{"C:\\Users\\Syd\\Desktop\\teste\\src\\caixa-da-lanchonete.js": {"path":"C:\\Users\\Syd\\Desktop\\teste\\src\\caixa-da-lanchonete.js","all":false,"statementMap":{"0":{"start":{"line":1,"column":0},"end":{"line":1,"column":25}},"1":{"start":{"line":2,"column":0},"end":{"line":2,"column":0}},"2":{"start":{"line":3,"column":0},"end":{"line":3,"column":19}},"3":{"start":{"line":4,"column":0},"end":{"line":4,"column":45}},"4":{"start":{"line":5,"column":0},"end":{"line":5,"column":33}},"5":{"start":{"line":6,"column":0},"end":{"line":6,"column":27}},"6":{"start":{"line":7,"column":0},"end":{"line":7,"column":31}},"7":{"start":{"line":8,"column":0},"end":{"line":8,"column":27}},"8":{"start":{"line":9,"column":0},"end":{"line":9,"column":32}},"9":{"start":{"line":10,"column":0},"end":{"line":10,"column":29}},"10":{"start":{"line":11,"column":0},"end":{"line":11,"column":30}},"11":{"start":{"line":12,"column":0},"end":{"line":12,"column":29}},"12":{"start":{"line":13,"column":0},"end":{"line":13,"column":28}},"13":{"start":{"line":14,"column":0},"end":{"line":14,"column":11}},"14":{"start":{"line":15,"column":0},"end":{"line":15,"column":5}},"15":{"start":{"line":16,"column":0},"end":{"line":16,"column":0}},"16":{"start":{"line":17,"column":0},"end":{"line":17,"column":52}},"17":{"start":{"line":18,"column":0},"end":{"line":18,"column":47}},"18":{"start":{"line":19,"column":0},"end":{"line":19,"column":66}},"19":{"start":{"line":20,"column":0},"end":{"line":20,"column":0}},"20":{"start":{"line":21,"column":0},"end":{"line":21,"column":54}},"21":{"start":{"line":22,"column":0},"end":{"line":22,"column":59}},"22":{"start":{"line":23,"column":0},"end":{"line":23,"column":50}},"23":{"start":{"line":24,"column":0},"end":{"line":24,"column":9}},"24":{"start":{"line":25,"column":0},"end":{"line":25,"column":0}},"25":{"start":{"line":26,"column":0},"end":{"line":26,"column":45}},"26":{"start":{"line":27,"column":0},"end":{"line":27,"column":32}},"27":{"start":{"line":28,"column":0},"end":{"line":28,"column":57}},"28":{"start":{"line":29,"column":0},"end":{"line":29,"column":9}},"29":{"start":{"line":30,"column":0},"end":{"line":30,"column":0}},"30":{"start":{"line":31,"column":0},"end":{"line":31,"column":36}},"31":{"start":{"line":32,"column":0},"end":{"line":32,"column":27}},"32":{"start":{"line":33,"column":0},"end":{"line":33,"column":0}},"33":{"start":{"line":34,"column":0},"end":{"line":34,"column":79}},"34":{"start":{"line":35,"column":0},"end":{"line":35,"column":34}},"35":{"start":{"line":36,"column":0},"end":{"line":36,"column":42}},"36":{"start":{"line":37,"column":0},"end":{"line":37,"column":57}},"37":{"start":{"line":38,"column":0},"end":{"line":38,"column":12}},"38":{"start":{"line":39,"column":0},"end":{"line":39,"column":51}},"39":{"start":{"line":40,"column":0},"end":{"line":40,"column":28}},"40":{"start":{"line":41,"column":0},"end":{"line":41,"column":40}},"41":{"start":{"line":42,"column":0},"end":{"line":42,"column":13}},"42":{"start":{"line":43,"column":0},"end":{"line":43,"column":0}},"43":{"start":{"line":44,"column":0},"end":{"line":44,"column":39}},"44":{"start":{"line":45,"column":0},"end":{"line":45,"column":0}},"45":{"start":{"line":46,"column":0},"end":{"line":46,"column":49}},"46":{"start":{"line":47,"column":0},"end":{"line":47,"column":33}},"47":{"start":{"line":48,"column":0},"end":{"line":48,"column":46}},"48":{"start":{"line":49,"column":0},"end":{"line":49,"column":13}},"49":{"start":{"line":50,"column":0},"end":{"line":50,"column":0}},"50":{"start":{"line":51,"column":0},"end":{"line":51,"column":47}},"51":{"start":{"line":52,"column":0},"end":{"line":52,"column":9}},"52":{"start":{"line":53,"column":0},"end":{"line":53,"column":0}},"53":{"start":{"line":54,"column":0},"end":{"line":54,"column":54}},"54":{"start":{"line":55,"column":0},"end":{"line":55,"column":25}},"55":{"start":{"line":56,"column":0},"end":{"line":56,"column":0}},"56":{"start":{"line":57,"column":0},"end":{"line":57,"column":79}},"57":{"start":{"line":58,"column":0},"end":{"line":58,"column":34}},"58":{"start":{"line":59,"column":0},"end":{"line":59,"column":42}},"59":{"start":{"line":60,"column":0},"end":{"line":60,"column":35}},"60":{"start":{"line":61,"column":0},"end":{"line":61,"column":12}},"61":{"start":{"line":62,"column":0},"end":{"line":62,"column":60}},"62":{"start":{"line":63,"column":0},"end":{"line":63,"column":85}},"63":{"start":{"line":64,"column":0},"end":{"line":64,"column":16}},"64":{"start":{"line":65,"column":0},"end":{"line":65,"column":85}},"65":{"start":{"line":66,"column":0},"end":{"line":66,"column":55}},"66":{"start":{"line":67,"column":0},"end":{"line":67,"column":76}},"67":{"start":{"line":68,"column":0},"end":{"line":68,"column":17}},"68":{"start":{"line":69,"column":0},"end":{"line":69,"column":13}},"69":{"start":{"line":70,"column":0},"end":{"line":70,"column":9}},"70":{"start":{"line":71,"column":0},"end":{"line":71,"column":0}},"71":{"start":{"line":72,"column":0},"end":{"line":72,"column":74}},"72":{"start":{"line":73,"column":0},"end":{"line":73,"column":47}},"73":{"start":{"line":74,"column":0},"end":{"line":74,"column":61}},"74":{"start":{"line":75,"column":0},"end":{"line":75,"column":53}},"75":{"start":{"line":76,"column":0},"end":{"line":76,"column":50}},"76":{"start":{"line":77,"column":0},"end":{"line":77,"column":9}},"77":{"start":{"line":78,"column":0},"end":{"line":78,"column":0}},"78":{"start":{"line":79,"column":0},"end":{"line":79,"column":44}},"79":{"start":{"line":80,"column":0},"end":{"line":80,"column":53}},"80":{"start":{"line":81,"column":0},"end":{"line":81,"column":40}},"81":{"start":{"line":82,"column":0},"end":{"line":82,"column":5}},"82":{"start":{"line":83,"column":0},"end":{"line":83,"column":1}},"83":{"start":{"line":84,"column":0},"end":{"line":84,"column":0}},"84":{"start":{"line":85,"column":0},"end":{"line":85,"column":29}}},"s":{"0":1,"1":1,"2":1,"3":19,"4":19,"5":19,"6":19,"7":19,"8":19,"9":19,"10":19,"11":19,"12":19,"13":19,"14":19,"15":1,"16":1,"17":19,"18":19,"19":19,"20":19,"21":19,"22":1,"23":1,"24":18,"25":18,"26":19,"27":3,"28":3,"29":15,"30":15,"31":15,"32":15,"33":15,"34":19,"35":27,"36":27,"37":27,"38":27,"39":27,"40":2,"41":2,"42":25,"43":25,"44":25,"45":25,"46":27,"47":1,"48":1,"49":24,"50":24,"51":24,"52":12,"53":12,"54":12,"55":12,"56":12,"57":19,"58":23,"59":23,"60":23,"61":23,"62":9,"63":9,"64":9,"65":9,"66":4,"67":4,"68":9,"69":23,"70":8,"71":8,"72":19,"73":2,"74":19,"75":3,"76":3,"77":8,"78":8,"79":8,"80":8,"81":8,"82":1,"83":1,"84":1},"branchMap":{"0":{"type":"branch","line":3,"loc":{"start":{"line":3,"column":4},"end":{"line":15,"column":5}},"locations":[{"start":{"line":3,"column":4},"end":{"line":15,"column":5}}]},"1":{"type":"branch","line":17,"loc":{"start":{"line":17,"column":4},"end":{"line":82,"column":5}},"locations":[{"start":{"line":17,"column":4},"end":{"line":82,"column":5}}]},"2":{"type":"branch","line":22,"loc":{"start":{"line":22,"column":58},"end":{"line":24,"column":9}},"locations":[{"start":{"line":22,"column":58},"end":{"line":24,"column":9}}]},"3":{"type":"branch","line":24,"loc":{"start":{"line":24,"column":8},"end":{"line":27,"column":31}},"locations":[{"start":{"line":24,"column":8},"end":{"line":27,"column":31}}]},"4":{"type":"branch","line":27,"loc":{"start":{"line":27,"column":31},"end":{"line":29,"column":9}},"locations":[{"start":{"line":27,"column":31},"end":{"line":29,"column":9}}]},"5":{"type":"branch","line":29,"loc":{"start":{"line":29,"column":8},"end":{"line":35,"column":33}},"locations":[{"start":{"line":29,"column":8},"end":{"line":35,"column":33}}]},"6":{"type":"branch","line":35,"loc":{"start":{"line":35,"column":33},"end":{"line":52,"column":9}},"locations":[{"start":{"line":35,"column":33},"end":{"line":52,"column":9}}]},"7":{"type":"branch","line":40,"loc":{"start":{"line":40,"column":27},"end":{"line":42,"column":13}},"locations":[{"start":{"line":40,"column":27},"end":{"line":42,"column":13}}]},"8":{"type":"branch","line":42,"loc":{"start":{"line":42,"column":12},"end":{"line":47,"column":32}},"locations":[{"start":{"line":42,"column":12},"end":{"line":47,"column":32}}]},"9":{"type":"branch","line":47,"loc":{"start":{"line":47,"column":32},"end":{"line":49,"column":13}},"locations":[{"start":{"line":47,"column":32},"end":{"line":49,"column":13}}]},"10":{"type":"branch","line":49,"loc":{"start":{"line":49,"column":12},"end":{"line":52,"column":9}},"locations":[{"start":{"line":49,"column":12},"end":{"line":52,"column":9}}]},"11":{"type":"branch","line":52,"loc":{"start":{"line":52,"column":8},"end":{"line":58,"column":33}},"locations":[{"start":{"line":52,"column":8},"end":{"line":58,"column":33}}]},"12":{"type":"branch","line":58,"loc":{"start":{"line":58,"column":33},"end":{"line":70,"column":9}},"locations":[{"start":{"line":58,"column":33},"end":{"line":70,"column":9}}]},"13":{"type":"branch","line":62,"loc":{"start":{"line":62,"column":59},"end":{"line":69,"column":13}},"locations":[{"start":{"line":62,"column":59},"end":{"line":69,"column":13}}]},"14":{"type":"branch","line":63,"loc":{"start":{"line":63,"column":61},"end":{"line":63,"column":70}},"locations":[{"start":{"line":63,"column":61},"end":{"line":63,"column":70}}]},"15":{"type":"branch","line":63,"loc":{"start":{"line":63,"column":70},"end":{"line":63,"column":84}},"locations":[{"start":{"line":63,"column":70},"end":{"line":63,"column":84}}]},"16":{"type":"branch","line":66,"loc":{"start":{"line":66,"column":54},"end":{"line":68,"column":17}},"locations":[{"start":{"line":66,"column":54},"end":{"line":68,"column":17}}]},"17":{"type":"branch","line":70,"loc":{"start":{"line":70,"column":8},"end":{"line":73,"column":46}},"locations":[{"start":{"line":70,"column":8},"end":{"line":73,"column":46}}]},"18":{"type":"branch","line":73,"loc":{"start":{"line":73,"column":46},"end":{"line":75,"column":9}},"locations":[{"start":{"line":73,"column":46},"end":{"line":75,"column":9}}]},"19":{"type":"branch","line":75,"loc":{"start":{"line":75,"column":9},"end":{"line":77,"column":9}},"locations":[{"start":{"line":75,"column":9},"end":{"line":77,"column":9}}]},"20":{"type":"branch","line":75,"loc":{"start":{"line":75,"column":52},"end":{"line":77,"column":9}},"locations":[{"start":{"line":75,"column":52},"end":{"line":77,"column":9}}]},"21":{"type":"branch","line":77,"loc":{"start":{"line":77,"column":8},"end":{"line":82,"column":5}},"locations":[{"start":{"line":77,"column":8},"end":{"line":82,"column":5}}]}},"b":{"0":[19],"1":[19],"2":[1],"3":[18],"4":[3],"5":[15],"6":[27],"7":[2],"8":[25],"9":[1],"10":[24],"11":[12],"12":[23],"13":[9],"14":[2],"15":[7],"16":[4],"17":[8],"18":[2],"19":[6],"20":[3],"21":[8]},"fnMap":{"0":{"name":"CaixaDaLanchonete","decl":{"start":{"line":3,"column":4},"end":{"line":15,"column":5}},"loc":{"start":{"line":3,"column":4},"end":{"line":15,"column":5}},"line":3},"1":{"name":"calcularValorDaCompra","decl":{"start":{"line":17,"column":4},"end":{"line":82,"column":5}},"loc":{"start":{"line":17,"column":4},"end":{"line":82,"column":5}},"line":17}},"f":{"0":19,"1":19}}
}
