TN:
SF:src\caixa-da-lanchonete.js
FN:3,CaixaDaLanchonete
FN:17,calcularValorDaCompra
FNF:2
FNH:2
FNDA:19,CaixaDaLanchonete
FNDA:19,calcularValorDaCompra
DA:1,1
DA:2,1
DA:3,1
DA:4,19
DA:5,19
DA:6,19
DA:7,19
DA:8,19
DA:9,19
DA:10,19
DA:11,19
DA:12,19
DA:13,19
DA:14,19
DA:15,19
DA:16,1
DA:17,1
DA:18,19
DA:19,19
DA:20,19
DA:21,19
DA:22,19
DA:23,1
DA:24,1
DA:25,18
DA:26,18
DA:27,19
DA:28,3
DA:29,3
DA:30,15
DA:31,15
DA:32,15
DA:33,15
DA:34,15
DA:35,19
DA:36,27
DA:37,27
DA:38,27
DA:39,27
DA:40,27
DA:41,2
DA:42,2
DA:43,25
DA:44,25
DA:45,25
DA:46,25
DA:47,27
DA:48,1
DA:49,1
DA:50,24
DA:51,24
DA:52,24
DA:53,12
DA:54,12
DA:55,12
DA:56,12
DA:57,12
DA:58,19
DA:59,23
DA:60,23
DA:61,23
DA:62,23
DA:63,9
DA:64,9
DA:65,9
DA:66,9
DA:67,4
DA:68,4
DA:69,9
DA:70,23
DA:71,8
DA:72,8
DA:73,19
DA:74,2
DA:75,19
DA:76,3
DA:77,3
DA:78,8
DA:79,8
DA:80,8
DA:81,8
DA:82,8
DA:83,1
DA:84,1
DA:85,1
LF:85
LH:85
BRDA:3,0,0,19
BRDA:17,1,0,19
BRDA:22,2,0,1
BRDA:24,3,0,18
BRDA:27,4,0,3
BRDA:29,5,0,15
BRDA:35,6,0,27
BRDA:40,7,0,2
BRDA:42,8,0,25
BRDA:47,9,0,1
BRDA:49,10,0,24
BRDA:52,11,0,12
BRDA:58,12,0,23
BRDA:62,13,0,9
BRDA:63,14,0,2
BRDA:63,15,0,7
BRDA:66,16,0,4
BRDA:70,17,0,8
BRDA:73,18,0,2
BRDA:75,19,0,6
BRDA:75,20,0,3
BRDA:77,21,0,8
BRF:22
BRH:22
end_of_record
